Build started 1/15/2017 11:16:47 PM.
     1>Project "Z:\Projects\Venus\Venus\Venus.vcxproj" on node 2 (Build target(s)).
     1>ClCompile:
         C:\Program Files (x86)\Microsoft Visual Studio 14.0\VC\bin\CL.exe /c /IZ:\Projects\Venus\Venus\include /IZ:\Projects\Venus\Venus\Core /Zi /nologo /W3 /WX- /sdl /O2 /Ob2 /Oi /Ot /Oy- /GL /D GLEW_STATIC /D _MBCS /Gm- /EHsc /MD /GS /Gy /arch:SSE2 /fp:fast /Zc:wchar_t /Zc:forScope /Zc:inline /Fo"Z:\Projects\Venus\Venus\Build\Win32\Release\Intermediates\\" /Fd"Z:\Projects\Venus\Venus\Build\Win32\Release\Intermediates\vc140.pdb" /Gd /TP /analyze- /errorReport:prompt Core\Systems\Graphics\BatchRenderer2D.cpp Core\Systems\Graphics\Buffers\Buffer.cpp Core\Systems\Window.cpp Core\Utilities\File.cpp Core\Systems\Graphics\Graphics.cpp Core\Systems\Graphics\Buffers\IndexBuffer.cpp Main.cpp Core\Utilities\VException.cpp Core\Systems\Graphics\Shader.cpp Core\Utilities\Maths\Vector4.cpp Core\Utilities\Maths\Vector3.cpp Core\Utilities\Maths\Vector2.cpp Core\Utilities\Maths\Maths.cpp Core\Utilities\Maths\Matrix4.cpp Core\Systems\Graphics\Buffers\VertexArray.cpp Core\Systems\Graphics\SimpleRenderer2D.cpp Core\Systems\Graphics\Sprite.cpp Core\Systems\Graphics\StaticSprite.cpp Core\Utilities\Timer.cpp
         BatchRenderer2D.cpp
         Buffer.cpp
         Window.cpp
         File.cpp
     1>Core\Utilities\File.cpp(111): warning C4244: 'initializing': conversion from 'std::streamoff' to 'unsigned int', possible loss of data
         Graphics.cpp
         IndexBuffer.cpp
         Main.cpp
     1>C:\Program Files (x86)\Windows Kits\8.1\Include\shared\minwindef.h(130): warning C4005: 'APIENTRY': macro redefinition
         Z:\Projects\Venus\Venus\include\GLFW/glfw3.h(98): note: see previous definition of 'APIENTRY'
     1>Main.cpp(48): warning C4244: 'argument': conversion from 'double' to 'const float', possible loss of data
     1>Main.cpp(82): warning C4244: 'argument': conversion from 'double' to 'const float', possible loss of data
         VException.cpp
         Shader.cpp
         Vector4.cpp
         Vector3.cpp
         Vector2.cpp
         Maths.cpp
     1>Core\Utilities\Maths\Maths.cpp(7): warning C4244: 'return': conversion from 'double' to 'float', possible loss of data
         Matrix4.cpp
         VertexArray.cpp
         SimpleRenderer2D.cpp
         Sprite.cpp
         StaticSprite.cpp
         Timer.cpp
       Link:
         C:\Program Files (x86)\Microsoft Visual Studio 14.0\VC\bin\link.exe /ERRORREPORT:PROMPT /OUT:"Z:\Projects\Venus\Venus\Build\Win32\Release\Venus.exe" /INCREMENTAL /NOLOGO /LIBPATH:Z:\Projects\Venus\Venus\lib\x86 glfw\glfw3.lib glew\glew32s.lib opengl32.lib kernel32.lib user32.lib gdi32.lib winspool.lib comdlg32.lib advapi32.lib shell32.lib ole32.lib oleaut32.lib uuid.lib odbc32.lib odbccp32.lib /MANIFEST /MANIFESTUAC:"level='asInvoker' uiAccess='false'" /manifest:embed /Debug /PDB:"Z:\Projects\Venus\Venus\Build\Win32\Release\Venus.pdb" /OPT:REF /OPT:ICF /LTCG:incremental /TLBID:1 /DYNAMICBASE /NXCOMPAT /IMPLIB:"Z:\Projects\Venus\Venus\Build\Win32\Release\Venus.lib" /MACHINE:X86 /SAFESEH Z:\Projects\Venus\Venus\Build\Win32\Release\Intermediates\BatchRenderer2D.obj
         Z:\Projects\Venus\Venus\Build\Win32\Release\Intermediates\Buffer.obj
         Z:\Projects\Venus\Venus\Build\Win32\Release\Intermediates\Window.obj
         Z:\Projects\Venus\Venus\Build\Win32\Release\Intermediates\File.obj
         Z:\Projects\Venus\Venus\Build\Win32\Release\Intermediates\Graphics.obj
         Z:\Projects\Venus\Venus\Build\Win32\Release\Intermediates\IndexBuffer.obj
         Z:\Projects\Venus\Venus\Build\Win32\Release\Intermediates\Main.obj
         Z:\Projects\Venus\Venus\Build\Win32\Release\Intermediates\VException.obj
         Z:\Projects\Venus\Venus\Build\Win32\Release\Intermediates\Shader.obj
         Z:\Projects\Venus\Venus\Build\Win32\Release\Intermediates\Vector4.obj
         Z:\Projects\Venus\Venus\Build\Win32\Release\Intermediates\Vector3.obj
         Z:\Projects\Venus\Venus\Build\Win32\Release\Intermediates\Vector2.obj
         Z:\Projects\Venus\Venus\Build\Win32\Release\Intermediates\Maths.obj
         Z:\Projects\Venus\Venus\Build\Win32\Release\Intermediates\Matrix4.obj
         Z:\Projects\Venus\Venus\Build\Win32\Release\Intermediates\VertexArray.obj
         Z:\Projects\Venus\Venus\Build\Win32\Release\Intermediates\SimpleRenderer2D.obj
         Z:\Projects\Venus\Venus\Build\Win32\Release\Intermediates\Sprite.obj
         Z:\Projects\Venus\Venus\Build\Win32\Release\Intermediates\StaticSprite.obj
         Z:\Projects\Venus\Venus\Build\Win32\Release\Intermediates\Timer.obj
     1>LINK : warning LNK4075: ignoring '/INCREMENTAL' due to '/LTCG' specification
     1>LINK : warning LNK4098: defaultlib 'LIBCMT' conflicts with use of other libs; use /NODEFAULTLIB:library
         Generating code
         All 606 functions were compiled because no usable IPDB/IOBJ from previous compilation was found.
         Finished generating code
     1>glew32s.lib(glew.obj) : warning LNK4099: PDB 'vc120.pdb' was not found with 'glew32s.lib(glew.obj)' or at 'Z:\Projects\Venus\Venus\Build\Win32\Release\vc120.pdb'; linking object as if no debug info
         Venus.vcxproj -> Z:\Projects\Venus\Venus\Build\Win32\Release\Venus.exe
     1>Done Building Project "Z:\Projects\Venus\Venus\Venus.vcxproj" (Build target(s)).

Build succeeded.

Time Elapsed 00:00:11.75
