z:\projects\venus\venus\build\win32\debug\vc140.pdb
z:\projects\venus\venus\build\win32\debug\vc140.idb
z:\projects\venus\venus\build\win32\debug\window.obj
z:\projects\venus\venus\build\win32\debug\main.obj
z:\projects\venus\venus\build\win32\debug\file.obj
z:\projects\venus\venus\build\win32\debug\graphics.obj
z:\projects\venus\venus\build\win32\debug\vexception.obj
z:\projects\venus\venus\build\win32\debug\shader.obj
z:\projects\venus\venus\build\win32\debug\vector3.obj
z:\projects\venus\venus\build\win32\debug\vector2.obj
z:\projects\venus\venus\build\win32\debug\maths.obj
z:\projects\venus\venus\build\win32\debug\matrix4.obj
z:\projects\venus\venus\build\win32\debug\vector4.obj
z:\projects\venus\venus\build\win32\debug\buffer.obj
z:\projects\venus\venus\build\win32\debug\indexbuffer.obj
z:\projects\venus\venus\build\win32\debug\vertexarray.obj
z:\projects\venus\venus\build\win32\debug\renderer2d.obj
z:\projects\venus\venus\build\win32\debug\simplerenderer2d.obj
z:\projects\venus\venus\build\win32\debug\batchrenderer2d.obj
z:\projects\venus\venus\build\win32\debug\venus.exe
z:\projects\venus\venus\build\win32\debug\venus.pdb
z:\projects\venus\venus\build\win32\debug\venus.tlog\cl.command.1.tlog
z:\projects\venus\venus\build\win32\debug\venus.tlog\cl.read.1.tlog
z:\projects\venus\venus\build\win32\debug\venus.tlog\cl.write.1.tlog
z:\projects\venus\venus\build\win32\debug\venus.tlog\link.command.1.tlog
z:\projects\venus\venus\build\win32\debug\venus.tlog\link.read.1.tlog
z:\projects\venus\venus\build\win32\debug\venus.tlog\link.write.1.tlog
