Build started 1/15/2017 11:08:49 PM.
     1>Project "Z:\Projects\Venus\Venus\Venus.vcxproj" on node 2 (Build target(s)).
     1>ClCompile:
         C:\Program Files (x86)\Microsoft Visual Studio 14.0\VC\bin\CL.exe /c /IZ:\Projects\Venus\Venus\include /IZ:\Projects\Venus\Venus\Core /ZI /nologo /W3 /WX- /sdl /Od /Oy- /D GLEW_STATIC /D _MBCS /Gm /EHsc /RTC1 /MDd /GS /fp:precise /Zc:wchar_t /Zc:forScope /Zc:inline /Fo"Z:\Projects\Venus\Venus\Build\Win32\Debug\\" /Fd"Z:\Projects\Venus\Venus\Build\Win32\Debug\vc140.pdb" /Gd /TP /analyze- /errorReport:prompt Core\Systems\Window.cpp Main.cpp
         Main.cpp
     1>c:\program files (x86)\windows kits\8.1\include\shared\minwindef.h(130): warning C4005: 'APIENTRY': macro redefinition
         z:\projects\venus\venus\include\glfw\glfw3.h(98): note: see previous definition of 'APIENTRY'
     1>z:\projects\venus\venus\main.cpp(48): warning C4244: 'argument': conversion from 'double' to 'const float', possible loss of data
     1>z:\projects\venus\venus\main.cpp(82): warning C4244: 'argument': conversion from 'double' to 'const float', possible loss of data
         Window.cpp
         Generating Code...
       Link:
         C:\Program Files (x86)\Microsoft Visual Studio 14.0\VC\bin\link.exe /ERRORREPORT:PROMPT /OUT:"Z:\Projects\Venus\Venus\Build\Win32\Debug\Venus.exe" /INCREMENTAL:NO /NOLOGO /LIBPATH:Z:\Projects\Venus\Venus\lib\x86 glfw\glfw3.lib glew\glew32s.lib opengl32.lib kernel32.lib user32.lib gdi32.lib winspool.lib comdlg32.lib advapi32.lib shell32.lib ole32.lib oleaut32.lib uuid.lib odbc32.lib odbccp32.lib /MANIFEST /MANIFESTUAC:"level='asInvoker' uiAccess='false'" /manifest:embed /Debug /PDB:"Z:\Projects\Venus\Venus\Build\Win32\Debug\Venus.pdb" /TLBID:1 /DYNAMICBASE /NXCOMPAT /IMPLIB:"Z:\Projects\Venus\Venus\Build\Win32\Debug\Venus.lib" /MACHINE:X86 Z:\Projects\Venus\Venus\Build\Win32\Debug\BatchRenderer2D.obj
         Z:\Projects\Venus\Venus\Build\Win32\Debug\Buffer.obj
         Z:\Projects\Venus\Venus\Build\Win32\Debug\Window.obj
         Z:\Projects\Venus\Venus\Build\Win32\Debug\File.obj
         Z:\Projects\Venus\Venus\Build\Win32\Debug\Graphics.obj
         Z:\Projects\Venus\Venus\Build\Win32\Debug\IndexBuffer.obj
         Z:\Projects\Venus\Venus\Build\Win32\Debug\Main.obj
         Z:\Projects\Venus\Venus\Build\Win32\Debug\VException.obj
         Z:\Projects\Venus\Venus\Build\Win32\Debug\Shader.obj
         Z:\Projects\Venus\Venus\Build\Win32\Debug\Vector4.obj
         Z:\Projects\Venus\Venus\Build\Win32\Debug\Vector3.obj
         Z:\Projects\Venus\Venus\Build\Win32\Debug\Vector2.obj
         Z:\Projects\Venus\Venus\Build\Win32\Debug\Maths.obj
         Z:\Projects\Venus\Venus\Build\Win32\Debug\Matrix4.obj
         Z:\Projects\Venus\Venus\Build\Win32\Debug\VertexArray.obj
         Z:\Projects\Venus\Venus\Build\Win32\Debug\SimpleRenderer2D.obj
         Z:\Projects\Venus\Venus\Build\Win32\Debug\Sprite.obj
         Z:\Projects\Venus\Venus\Build\Win32\Debug\StaticSprite.obj
         Z:\Projects\Venus\Venus\Build\Win32\Debug\Timer.obj
     1>BatchRenderer2D.obj : warning LNK4075: ignoring '/EDITANDCONTINUE' due to '/OPT:LBR' specification
     1>LINK : warning LNK4098: defaultlib 'MSVCRT' conflicts with use of other libs; use /NODEFAULTLIB:library
     1>LINK : warning LNK4098: defaultlib 'LIBCMT' conflicts with use of other libs; use /NODEFAULTLIB:library
     1>glew32s.lib(glew.obj) : warning LNK4099: PDB 'vc120.pdb' was not found with 'glew32s.lib(glew.obj)' or at 'Z:\Projects\Venus\Venus\Build\Win32\Debug\vc120.pdb'; linking object as if no debug info
         Venus.vcxproj -> Z:\Projects\Venus\Venus\Build\Win32\Debug\Venus.exe
     1>Done Building Project "Z:\Projects\Venus\Venus\Venus.vcxproj" (Build target(s)).

Build succeeded.

Time Elapsed 00:00:02.90
